<?xml version="1.0" encoding="UTF-8"?>
<testsuite xmlns:xsi="http://www.w3.org/2001/XMLSchema-instance" xsi:noNamespaceSchemaLocation="https://maven.apache.org/surefire/maven-surefire-plugin/xsd/surefire-test-report.xsd" name="com.chenyx.springcloud.AppTest" time="0.238" tests="1" errors="0" skipped="0" failures="0">
  <properties>
    <property name="sun.desktop" value="windows"/>
    <property name="awt.toolkit" value="sun.awt.windows.WToolkit"/>
    <property name="file.encoding.pkg" value="sun.io"/>
    <property name="java.specification.version" value="1.8"/>
    <property name="sun.cpu.isalist" value="amd64"/>
    <property name="sun.jnu.encoding" value="GBK"/>
    <property name="java.class.path" value="D:\study\java\idea_project\springcloud\springcloud-config-client\target\test-classes;D:\study\java\idea_project\springcloud\springcloud-config-client\target\classes;D:\work\software\Maven\defaultRepo\org\springframework\boot\spring-boot-starter-web\2.1.6.RELEASE\spring-boot-starter-web-2.1.6.RELEASE.jar;D:\work\software\Maven\defaultRepo\org\springframework\boot\spring-boot-starter\2.1.6.RELEASE\spring-boot-starter-2.1.6.RELEASE.jar;D:\work\software\Maven\defaultRepo\org\springframework\boot\spring-boot\2.1.6.RELEASE\spring-boot-2.1.6.RELEASE.jar;D:\work\software\Maven\defaultRepo\org\springframework\boot\spring-boot-autoconfigure\2.1.6.RELEASE\spring-boot-autoconfigure-2.1.6.RELEASE.jar;D:\work\software\Maven\defaultRepo\org\springframework\boot\spring-boot-starter-logging\2.1.6.RELEASE\spring-boot-starter-logging-2.1.6.RELEASE.jar;D:\work\software\Maven\defaultRepo\ch\qos\logback\logback-classic\1.2.3\logback-classic-1.2.3.jar;D:\work\software\Maven\defaultRepo\ch\qos\logback\logback-core\1.2.3\logback-core-1.2.3.jar;D:\work\software\Maven\defaultRepo\org\apache\logging\log4j\log4j-to-slf4j\2.11.2\log4j-to-slf4j-2.11.2.jar;D:\work\software\Maven\defaultRepo\org\apache\logging\log4j\log4j-api\2.11.2\log4j-api-2.11.2.jar;D:\work\software\Maven\defaultRepo\org\slf4j\jul-to-slf4j\1.7.26\jul-to-slf4j-1.7.26.jar;D:\work\software\Maven\defaultRepo\javax\annotation\javax.annotation-api\1.3.2\javax.annotation-api-1.3.2.jar;D:\work\software\Maven\defaultRepo\org\yaml\snakeyaml\1.23\snakeyaml-1.23.jar;D:\work\software\Maven\defaultRepo\org\springframework\boot\spring-boot-starter-json\2.1.6.RELEASE\spring-boot-starter-json-2.1.6.RELEASE.jar;D:\work\software\Maven\defaultRepo\com\fasterxml\jackson\datatype\jackson-datatype-jdk8\2.9.9\jackson-datatype-jdk8-2.9.9.jar;D:\work\software\Maven\defaultRepo\com\fasterxml\jackson\datatype\jackson-datatype-jsr310\2.9.9\jackson-datatype-jsr310-2.9.9.jar;D:\work\software\Maven\defaultRepo\com\fasterxml\jackson\module\jackson-module-parameter-names\2.9.9\jackson-module-parameter-names-2.9.9.jar;D:\work\software\Maven\defaultRepo\org\springframework\boot\spring-boot-starter-tomcat\2.1.6.RELEASE\spring-boot-starter-tomcat-2.1.6.RELEASE.jar;D:\work\software\Maven\defaultRepo\org\apache\tomcat\embed\tomcat-embed-core\9.0.21\tomcat-embed-core-9.0.21.jar;D:\work\software\Maven\defaultRepo\org\apache\tomcat\embed\tomcat-embed-el\9.0.21\tomcat-embed-el-9.0.21.jar;D:\work\software\Maven\defaultRepo\org\apache\tomcat\embed\tomcat-embed-websocket\9.0.21\tomcat-embed-websocket-9.0.21.jar;D:\work\software\Maven\defaultRepo\org\hibernate\validator\hibernate-validator\6.0.17.Final\hibernate-validator-6.0.17.Final.jar;D:\work\software\Maven\defaultRepo\javax\validation\validation-api\2.0.1.Final\validation-api-2.0.1.Final.jar;D:\work\software\Maven\defaultRepo\org\jboss\logging\jboss-logging\3.3.2.Final\jboss-logging-3.3.2.Final.jar;D:\work\software\Maven\defaultRepo\com\fasterxml\classmate\1.4.0\classmate-1.4.0.jar;D:\work\software\Maven\defaultRepo\org\springframework\spring-web\5.1.8.RELEASE\spring-web-5.1.8.RELEASE.jar;D:\work\software\Maven\defaultRepo\org\springframework\spring-beans\5.1.8.RELEASE\spring-beans-5.1.8.RELEASE.jar;D:\work\software\Maven\defaultRepo\org\springframework\spring-webmvc\5.1.8.RELEASE\spring-webmvc-5.1.8.RELEASE.jar;D:\work\software\Maven\defaultRepo\org\springframework\spring-aop\5.1.8.RELEASE\spring-aop-5.1.8.RELEASE.jar;D:\work\software\Maven\defaultRepo\org\springframework\spring-context\5.1.8.RELEASE\spring-context-5.1.8.RELEASE.jar;D:\work\software\Maven\defaultRepo\org\springframework\spring-expression\5.1.8.RELEASE\spring-expression-5.1.8.RELEASE.jar;D:\work\software\Maven\defaultRepo\org\springframework\boot\spring-boot-starter-test\2.1.6.RELEASE\spring-boot-starter-test-2.1.6.RELEASE.jar;D:\work\software\Maven\defaultRepo\org\springframework\boot\spring-boot-test\2.1.6.RELEASE\spring-boot-test-2.1.6.RELEASE.jar;D:\work\software\Maven\defaultRepo\org\springframework\boot\spring-boot-test-autoconfigure\2.1.6.RELEASE\spring-boot-test-autoconfigure-2.1.6.RELEASE.jar;D:\work\software\Maven\defaultRepo\com\jayway\jsonpath\json-path\2.4.0\json-path-2.4.0.jar;D:\work\software\Maven\defaultRepo\net\minidev\json-smart\2.3\json-smart-2.3.jar;D:\work\software\Maven\defaultRepo\net\minidev\accessors-smart\1.2\accessors-smart-1.2.jar;D:\work\software\Maven\defaultRepo\org\ow2\asm\asm\5.0.4\asm-5.0.4.jar;D:\work\software\Maven\defaultRepo\org\slf4j\slf4j-api\1.7.26\slf4j-api-1.7.26.jar;D:\work\software\Maven\defaultRepo\junit\junit\4.12\junit-4.12.jar;D:\work\software\Maven\defaultRepo\org\assertj\assertj-core\3.11.1\assertj-core-3.11.1.jar;D:\work\software\Maven\defaultRepo\org\mockito\mockito-core\2.23.4\mockito-core-2.23.4.jar;D:\work\software\Maven\defaultRepo\net\bytebuddy\byte-buddy\1.9.13\byte-buddy-1.9.13.jar;D:\work\software\Maven\defaultRepo\net\bytebuddy\byte-buddy-agent\1.9.13\byte-buddy-agent-1.9.13.jar;D:\work\software\Maven\defaultRepo\org\objenesis\objenesis\2.6\objenesis-2.6.jar;D:\work\software\Maven\defaultRepo\org\hamcrest\hamcrest-core\1.3\hamcrest-core-1.3.jar;D:\work\software\Maven\defaultRepo\org\hamcrest\hamcrest-library\1.3\hamcrest-library-1.3.jar;D:\work\software\Maven\defaultRepo\org\skyscreamer\jsonassert\1.5.0\jsonassert-1.5.0.jar;D:\work\software\Maven\defaultRepo\com\vaadin\external\google\android-json\0.0.20131108.vaadin1\android-json-0.0.20131108.vaadin1.jar;D:\work\software\Maven\defaultRepo\org\springframework\spring-core\5.1.8.RELEASE\spring-core-5.1.8.RELEASE.jar;D:\work\software\Maven\defaultRepo\org\springframework\spring-jcl\5.1.8.RELEASE\spring-jcl-5.1.8.RELEASE.jar;D:\work\software\Maven\defaultRepo\org\springframework\spring-test\5.1.8.RELEASE\spring-test-5.1.8.RELEASE.jar;D:\work\software\Maven\defaultRepo\org\xmlunit\xmlunit-core\2.6.2\xmlunit-core-2.6.2.jar;D:\work\software\Maven\defaultRepo\org\springframework\cloud\spring-cloud-starter-config\2.1.3.RELEASE\spring-cloud-starter-config-2.1.3.RELEASE.jar;D:\work\software\Maven\defaultRepo\org\springframework\cloud\spring-cloud-starter\2.1.2.RELEASE\spring-cloud-starter-2.1.2.RELEASE.jar;D:\work\software\Maven\defaultRepo\org\springframework\cloud\spring-cloud-context\2.1.2.RELEASE\spring-cloud-context-2.1.2.RELEASE.jar;D:\work\software\Maven\defaultRepo\org\springframework\security\spring-security-crypto\5.1.5.RELEASE\spring-security-crypto-5.1.5.RELEASE.jar;D:\work\software\Maven\defaultRepo\org\springframework\cloud\spring-cloud-commons\2.1.2.RELEASE\spring-cloud-commons-2.1.2.RELEASE.jar;D:\work\software\Maven\defaultRepo\org\springframework\security\spring-security-rsa\1.0.7.RELEASE\spring-security-rsa-1.0.7.RELEASE.jar;D:\work\software\Maven\defaultRepo\org\bouncycastle\bcpkix-jdk15on\1.60\bcpkix-jdk15on-1.60.jar;D:\work\software\Maven\defaultRepo\org\bouncycastle\bcprov-jdk15on\1.60\bcprov-jdk15on-1.60.jar;D:\work\software\Maven\defaultRepo\org\springframework\cloud\spring-cloud-config-client\2.1.3.RELEASE\spring-cloud-config-client-2.1.3.RELEASE.jar;D:\work\software\Maven\defaultRepo\com\fasterxml\jackson\core\jackson-annotations\2.9.0\jackson-annotations-2.9.0.jar;D:\work\software\Maven\defaultRepo\com\fasterxml\jackson\core\jackson-databind\2.9.9\jackson-databind-2.9.9.jar;D:\work\software\Maven\defaultRepo\com\fasterxml\jackson\core\jackson-core\2.9.9\jackson-core-2.9.9.jar;"/>
    <property name="java.vm.vendor" value="Oracle Corporation"/>
    <property name="sun.arch.data.model" value="64"/>
    <property name="user.variant" value=""/>
    <property name="java.vendor.url" value="http://java.oracle.com/"/>
    <property name="user.timezone" value="Asia/Shanghai"/>
    <property name="java.vm.specification.version" value="1.8"/>
    <property name="os.name" value="Windows 7"/>
    <property name="user.country" value="CN"/>
    <property name="sun.java.launcher" value="SUN_STANDARD"/>
    <property name="sun.boot.library.path" value="D:\software\jdk\jdk8\jdk1.8.0_40\jre\bin"/>
    <property name="sun.java.command" value="C:\Users\lenovo\AppData\Local\Temp\surefire997568795845284138\surefirebooter2370201070226469746.jar C:\Users\lenovo\AppData\Local\Temp\surefire997568795845284138 2019-08-28T11-26-15_130-jvmRun1 surefire6318651488430511657tmp surefire_06686101639324180381tmp"/>
    <property name="surefire.test.class.path" value="D:\study\java\idea_project\springcloud\springcloud-config-client\target\test-classes;D:\study\java\idea_project\springcloud\springcloud-config-client\target\classes;D:\work\software\Maven\defaultRepo\org\springframework\boot\spring-boot-starter-web\2.1.6.RELEASE\spring-boot-starter-web-2.1.6.RELEASE.jar;D:\work\software\Maven\defaultRepo\org\springframework\boot\spring-boot-starter\2.1.6.RELEASE\spring-boot-starter-2.1.6.RELEASE.jar;D:\work\software\Maven\defaultRepo\org\springframework\boot\spring-boot\2.1.6.RELEASE\spring-boot-2.1.6.RELEASE.jar;D:\work\software\Maven\defaultRepo\org\springframework\boot\spring-boot-autoconfigure\2.1.6.RELEASE\spring-boot-autoconfigure-2.1.6.RELEASE.jar;D:\work\software\Maven\defaultRepo\org\springframework\boot\spring-boot-starter-logging\2.1.6.RELEASE\spring-boot-starter-logging-2.1.6.RELEASE.jar;D:\work\software\Maven\defaultRepo\ch\qos\logback\logback-classic\1.2.3\logback-classic-1.2.3.jar;D:\work\software\Maven\defaultRepo\ch\qos\logback\logback-core\1.2.3\logback-core-1.2.3.jar;D:\work\software\Maven\defaultRepo\org\apache\logging\log4j\log4j-to-slf4j\2.11.2\log4j-to-slf4j-2.11.2.jar;D:\work\software\Maven\defaultRepo\org\apache\logging\log4j\log4j-api\2.11.2\log4j-api-2.11.2.jar;D:\work\software\Maven\defaultRepo\org\slf4j\jul-to-slf4j\1.7.26\jul-to-slf4j-1.7.26.jar;D:\work\software\Maven\defaultRepo\javax\annotation\javax.annotation-api\1.3.2\javax.annotation-api-1.3.2.jar;D:\work\software\Maven\defaultRepo\org\yaml\snakeyaml\1.23\snakeyaml-1.23.jar;D:\work\software\Maven\defaultRepo\org\springframework\boot\spring-boot-starter-json\2.1.6.RELEASE\spring-boot-starter-json-2.1.6.RELEASE.jar;D:\work\software\Maven\defaultRepo\com\fasterxml\jackson\datatype\jackson-datatype-jdk8\2.9.9\jackson-datatype-jdk8-2.9.9.jar;D:\work\software\Maven\defaultRepo\com\fasterxml\jackson\datatype\jackson-datatype-jsr310\2.9.9\jackson-datatype-jsr310-2.9.9.jar;D:\work\software\Maven\defaultRepo\com\fasterxml\jackson\module\jackson-module-parameter-names\2.9.9\jackson-module-parameter-names-2.9.9.jar;D:\work\software\Maven\defaultRepo\org\springframework\boot\spring-boot-starter-tomcat\2.1.6.RELEASE\spring-boot-starter-tomcat-2.1.6.RELEASE.jar;D:\work\software\Maven\defaultRepo\org\apache\tomcat\embed\tomcat-embed-core\9.0.21\tomcat-embed-core-9.0.21.jar;D:\work\software\Maven\defaultRepo\org\apache\tomcat\embed\tomcat-embed-el\9.0.21\tomcat-embed-el-9.0.21.jar;D:\work\software\Maven\defaultRepo\org\apache\tomcat\embed\tomcat-embed-websocket\9.0.21\tomcat-embed-websocket-9.0.21.jar;D:\work\software\Maven\defaultRepo\org\hibernate\validator\hibernate-validator\6.0.17.Final\hibernate-validator-6.0.17.Final.jar;D:\work\software\Maven\defaultRepo\javax\validation\validation-api\2.0.1.Final\validation-api-2.0.1.Final.jar;D:\work\software\Maven\defaultRepo\org\jboss\logging\jboss-logging\3.3.2.Final\jboss-logging-3.3.2.Final.jar;D:\work\software\Maven\defaultRepo\com\fasterxml\classmate\1.4.0\classmate-1.4.0.jar;D:\work\software\Maven\defaultRepo\org\springframework\spring-web\5.1.8.RELEASE\spring-web-5.1.8.RELEASE.jar;D:\work\software\Maven\defaultRepo\org\springframework\spring-beans\5.1.8.RELEASE\spring-beans-5.1.8.RELEASE.jar;D:\work\software\Maven\defaultRepo\org\springframework\spring-webmvc\5.1.8.RELEASE\spring-webmvc-5.1.8.RELEASE.jar;D:\work\software\Maven\defaultRepo\org\springframework\spring-aop\5.1.8.RELEASE\spring-aop-5.1.8.RELEASE.jar;D:\work\software\Maven\defaultRepo\org\springframework\spring-context\5.1.8.RELEASE\spring-context-5.1.8.RELEASE.jar;D:\work\software\Maven\defaultRepo\org\springframework\spring-expression\5.1.8.RELEASE\spring-expression-5.1.8.RELEASE.jar;D:\work\software\Maven\defaultRepo\org\springframework\boot\spring-boot-starter-test\2.1.6.RELEASE\spring-boot-starter-test-2.1.6.RELEASE.jar;D:\work\software\Maven\defaultRepo\org\springframework\boot\spring-boot-test\2.1.6.RELEASE\spring-boot-test-2.1.6.RELEASE.jar;D:\work\software\Maven\defaultRepo\org\springframework\boot\spring-boot-test-autoconfigure\2.1.6.RELEASE\spring-boot-test-autoconfigure-2.1.6.RELEASE.jar;D:\work\software\Maven\defaultRepo\com\jayway\jsonpath\json-path\2.4.0\json-path-2.4.0.jar;D:\work\software\Maven\defaultRepo\net\minidev\json-smart\2.3\json-smart-2.3.jar;D:\work\software\Maven\defaultRepo\net\minidev\accessors-smart\1.2\accessors-smart-1.2.jar;D:\work\software\Maven\defaultRepo\org\ow2\asm\asm\5.0.4\asm-5.0.4.jar;D:\work\software\Maven\defaultRepo\org\slf4j\slf4j-api\1.7.26\slf4j-api-1.7.26.jar;D:\work\software\Maven\defaultRepo\junit\junit\4.12\junit-4.12.jar;D:\work\software\Maven\defaultRepo\org\assertj\assertj-core\3.11.1\assertj-core-3.11.1.jar;D:\work\software\Maven\defaultRepo\org\mockito\mockito-core\2.23.4\mockito-core-2.23.4.jar;D:\work\software\Maven\defaultRepo\net\bytebuddy\byte-buddy\1.9.13\byte-buddy-1.9.13.jar;D:\work\software\Maven\defaultRepo\net\bytebuddy\byte-buddy-agent\1.9.13\byte-buddy-agent-1.9.13.jar;D:\work\software\Maven\defaultRepo\org\objenesis\objenesis\2.6\objenesis-2.6.jar;D:\work\software\Maven\defaultRepo\org\hamcrest\hamcrest-core\1.3\hamcrest-core-1.3.jar;D:\work\software\Maven\defaultRepo\org\hamcrest\hamcrest-library\1.3\hamcrest-library-1.3.jar;D:\work\software\Maven\defaultRepo\org\skyscreamer\jsonassert\1.5.0\jsonassert-1.5.0.jar;D:\work\software\Maven\defaultRepo\com\vaadin\external\google\android-json\0.0.20131108.vaadin1\android-json-0.0.20131108.vaadin1.jar;D:\work\software\Maven\defaultRepo\org\springframework\spring-core\5.1.8.RELEASE\spring-core-5.1.8.RELEASE.jar;D:\work\software\Maven\defaultRepo\org\springframework\spring-jcl\5.1.8.RELEASE\spring-jcl-5.1.8.RELEASE.jar;D:\work\software\Maven\defaultRepo\org\springframework\spring-test\5.1.8.RELEASE\spring-test-5.1.8.RELEASE.jar;D:\work\software\Maven\defaultRepo\org\xmlunit\xmlunit-core\2.6.2\xmlunit-core-2.6.2.jar;D:\work\software\Maven\defaultRepo\org\springframework\cloud\spring-cloud-starter-config\2.1.3.RELEASE\spring-cloud-starter-config-2.1.3.RELEASE.jar;D:\work\software\Maven\defaultRepo\org\springframework\cloud\spring-cloud-starter\2.1.2.RELEASE\spring-cloud-starter-2.1.2.RELEASE.jar;D:\work\software\Maven\defaultRepo\org\springframework\cloud\spring-cloud-context\2.1.2.RELEASE\spring-cloud-context-2.1.2.RELEASE.jar;D:\work\software\Maven\defaultRepo\org\springframework\security\spring-security-crypto\5.1.5.RELEASE\spring-security-crypto-5.1.5.RELEASE.jar;D:\work\software\Maven\defaultRepo\org\springframework\cloud\spring-cloud-commons\2.1.2.RELEASE\spring-cloud-commons-2.1.2.RELEASE.jar;D:\work\software\Maven\defaultRepo\org\springframework\security\spring-security-rsa\1.0.7.RELEASE\spring-security-rsa-1.0.7.RELEASE.jar;D:\work\software\Maven\defaultRepo\org\bouncycastle\bcpkix-jdk15on\1.60\bcpkix-jdk15on-1.60.jar;D:\work\software\Maven\defaultRepo\org\bouncycastle\bcprov-jdk15on\1.60\bcprov-jdk15on-1.60.jar;D:\work\software\Maven\defaultRepo\org\springframework\cloud\spring-cloud-config-client\2.1.3.RELEASE\spring-cloud-config-client-2.1.3.RELEASE.jar;D:\work\software\Maven\defaultRepo\com\fasterxml\jackson\core\jackson-annotations\2.9.0\jackson-annotations-2.9.0.jar;D:\work\software\Maven\defaultRepo\com\fasterxml\jackson\core\jackson-databind\2.9.9\jackson-databind-2.9.9.jar;D:\work\software\Maven\defaultRepo\com\fasterxml\jackson\core\jackson-core\2.9.9\jackson-core-2.9.9.jar;"/>
    <property name="sun.cpu.endian" value="little"/>
    <property name="user.home" value="C:\Users\lenovo"/>
    <property name="user.language" value="zh"/>
    <property name="java.specification.vendor" value="Oracle Corporation"/>
    <property name="java.home" value="D:\software\jdk\jdk8\jdk1.8.0_40\jre"/>
    <property name="basedir" value="D:\study\java\idea_project\springcloud\springcloud-config-client"/>
    <property name="file.separator" value="\"/>
    <property name="line.separator" value="&#10;"/>
    <property name="java.vm.specification.vendor" value="Oracle Corporation"/>
    <property name="java.specification.name" value="Java Platform API Specification"/>
    <property name="java.awt.graphicsenv" value="sun.awt.Win32GraphicsEnvironment"/>
    <property name="surefire.real.class.path" value="C:\Users\lenovo\AppData\Local\Temp\surefire997568795845284138\surefirebooter2370201070226469746.jar"/>
    <property name="sun.boot.class.path" value="D:\software\jdk\jdk8\jdk1.8.0_40\jre\lib\resources.jar;D:\software\jdk\jdk8\jdk1.8.0_40\jre\lib\rt.jar;D:\software\jdk\jdk8\jdk1.8.0_40\jre\lib\sunrsasign.jar;D:\software\jdk\jdk8\jdk1.8.0_40\jre\lib\jsse.jar;D:\software\jdk\jdk8\jdk1.8.0_40\jre\lib\jce.jar;D:\software\jdk\jdk8\jdk1.8.0_40\jre\lib\charsets.jar;D:\software\jdk\jdk8\jdk1.8.0_40\jre\lib\jfr.jar;D:\software\jdk\jdk8\jdk1.8.0_40\jre\classes"/>
    <property name="user.script" value=""/>
    <property name="sun.management.compiler" value="HotSpot 64-Bit Tiered Compilers"/>
    <property name="java.runtime.version" value="1.8.0_40-b26"/>
    <property name="user.name" value="lenovo"/>
    <property name="path.separator" value=";"/>
    <property name="os.version" value="6.1"/>
    <property name="java.endorsed.dirs" value="D:\software\jdk\jdk8\jdk1.8.0_40\jre\lib\endorsed"/>
    <property name="java.runtime.name" value="Java(TM) SE Runtime Environment"/>
    <property name="file.encoding" value="GBK"/>
    <property name="java.vm.name" value="Java HotSpot(TM) 64-Bit Server VM"/>
    <property name="localRepository" value="D:\work\software\Maven\defaultRepo"/>
    <property name="java.vendor.url.bug" value="http://bugreport.sun.com/bugreport/"/>
    <property name="java.io.tmpdir" value="C:\Users\lenovo\AppData\Local\Temp\"/>
    <property name="idea.version" value="2017.2.6"/>
    <property name="java.version" value="1.8.0_40"/>
    <property name="user.dir" value="D:\study\java\idea_project\springcloud\springcloud-config-client"/>
    <property name="os.arch" value="amd64"/>
    <property name="java.vm.specification.name" value="Java Virtual Machine Specification"/>
    <property name="java.awt.printerjob" value="sun.awt.windows.WPrinterJob"/>
    <property name="sun.os.patch.level" value="Service Pack 1"/>
    <property name="java.library.path" value="D:\software\jdk\jdk8\jdk1.8.0_40\jre\bin;C:\Windows\Sun\Java\bin;C:\Windows\system32;C:\Windows;C:\ProgramData\Oracle\Java\javapath;D:\software\oracle\oracle11g\product\11.2.0\dbhome_1\bin;D:\software\oracle\product\11.2.0\dbhome_1\bin;D:\work\software\srhx-software\srgl\tuxedo8.1\bin;D:\work\software\srhx-software\srgl\vclpbl;D:\work\software\srhx-software\srgl\modules;C:\Windows\system32;C:\Windows;C:\Windows\System32\Wbem;C:\Windows\System32\WindowsPowerShell\v1.0\;C:\Program Files\Intel\WiFi\bin\;C:\Program Files\Common Files\Intel\WirelessCommon\;D:\software\svn\TortoiseSVN\bin;D:\work\software\srhx-software\tuxedo10gr3\bin;C:\Program Files\Java\jdk1.7.0_67\bin;C:\Program Files\Java\jdk1.7.0_67\jre;D:\software\svn\VisualSVN Server\bin;D:\software\mysql\MySQL Server 5.5\bin;D:\software\gradle\gradle-4.1\bin;D:\software\git\Git\cmd;D:\work\software\Maven\apache-maven-3.2.3\bin;D:\software\git\tortoiseGit\bin;D:\software\nodejs\;C:\Program Files\Intel\WiFi\bin\;C:\Program Files\Common Files\Intel\WirelessCommon\;C:\Users\lenovo\AppData\Roaming\npm;C:\Users\lenovo\AppData\Local\BypassRuntm;."/>
    <property name="java.vm.info" value="mixed mode"/>
    <property name="java.vendor" value="Oracle Corporation"/>
    <property name="java.vm.version" value="25.40-b25"/>
    <property name="java.ext.dirs" value="D:\software\jdk\jdk8\jdk1.8.0_40\jre\lib\ext;C:\Windows\Sun\Java\lib\ext"/>
    <property name="sun.io.unicode.encoding" value="UnicodeLittle"/>
    <property name="java.class.version" value="52.0"/>
  </properties>
  <testcase name="shouldAnswerWithTrue" classname="com.chenyx.springcloud.AppTest" time="0.001"/>
</testsuite>